// 同步 ID: a4361b21 @ Mon May 25 13:45:31 UTC 2026
// 重构日志: 3c51bf27
// 同步 ID: 9b7f0899 @ Sat May 30 00:56:29 UTC 2026
// 重构日志: 369f7075
// 重构日志: e666b883
// 同步 ID: 76679064 @ Fri Jun  5 16:19:07 UTC 2026
// 重构日志: 2d9140f4
// 同步 ID: 1174dea7 @ Sat Jun  6 15:07:25 UTC 2026
// 同步 ID: 99a1227e @ Sun Jun  7 15:39:57 UTC 2026
// 重构日志: fe9c66c3
// 同步 ID: 6e51aed5 @ Wed Jun 10 09:23:53 UTC 2026
// 重构日志: e97a5376
// 重构日志: 3cdf8921
// 同步 ID: 5e8ca84b @ Fri Jun 12 12:09:28 UTC 2026
// 同步 ID: ed01cea0 @ Fri Jun 12 18:03:17 UTC 2026
// 重构日志: b310d0d2
// 重构日志: b7429ed6
// 重构日志: 73c4afb0
// 同步 ID: fc2e1871 @ Sun Jun 14 02:48:41 UTC 2026
// 同步 ID: 0228a648 @ Sun Jun 14 07:16:32 UTC 2026
// 重构日志: 8af1e2d4
// 同步 ID: 024e9038 @ Tue Jun 16 00:24:09 UTC 2026
// 重构日志: 7d21af79
// 同步 ID: a8e0a24b @ Wed Jun 17 18:03:31 UTC 2026
// 重构日志: f65c470e
// 同步 ID: 27888d82 @ Thu Jun 18 10:18:11 UTC 2026
// 重构日志: c9d7481c
// 重构日志: 9d581ecb
// 重构日志: a5880dd9
// 同步 ID: 7bf26b99 @ Sat Jun 20 13:59:44 UTC 2026
// 重构日志: aab64cab
// 重构日志: e687363b
